<?xml version="1.0" encoding="UTF-8"?>
<!-- Generated by org.testng.reporters.JUnitXMLReporter -->
<testsuite hostname="Anujalhans01" name="Regression1" tests="10" failures="1" timestamp="13 May 2021 06:41:00 GMT" time="132.194" errors="0">
  <testcase name="validateSortSearchResultsByPriceLowToHighTest" time="9.896" classname="com.nagp.amazon.tests.AmazonProductSearchResultsPageTest"/>
  <testcase name="openLoginScreenTest" time="1.99" classname="com.nagp.amazon.tests.AmazonLoginPageTest"/>
  <testcase name="amazonLogoOnHomePageTest" time="0.09" classname="com.nagp.amazon.tests.AmazonHomePageTest"/>
  <testcase name="conditionsOfUseTest" time="3.224" classname="com.nagp.amazon.tests.AmazonLoginPageTest"/>
  <testcase name="clickAndValidateTodaysDealsPage" time="3.801" classname="com.nagp.amazon.tests.AmazonHomePageTest"/>
  <testcase name="enterAndValidateDeliveryAddressPincodeTest" time="0.812" classname="com.nagp.amazon.tests.AmazonHomePageTest">
    <failure type="java.lang.AssertionError" message="expected [122017] but found [Select your address]">
      <![CDATA[java.lang.AssertionError: expected [122017] but found [Select your address]
	at com.nagp.amazon.tests.AmazonHomePageTest.enterAndValidateDeliveryAddressPincodeTest(AmazonHomePageTest.java:64)
... Removed 30 stack frames]]>
    </failure>
  </testcase> <!-- enterAndValidateDeliveryAddressPincodeTest -->
  <testcase name="privacyNoticeTest" time="2.854" classname="com.nagp.amazon.tests.AmazonLoginPageTest"/>
  <testcase name="searchProductTest" time="2.863" classname="com.nagp.amazon.tests.AmazonHomePageTest"/>
  <testcase name="loginTest" time="3.223" classname="com.nagp.amazon.tests.AmazonLoginPageTest"/>
  <testcase name="failedLoginTest" time="4.537" classname="com.nagp.amazon.tests.AmazonLoginPageTest"/>
</testsuite> <!-- Regression1 -->
