<?xml version="1.0" encoding="UTF-8"?>
<!-- Generated by org.testng.reporters.JUnitXMLReporter -->
<testsuite hostname="Anil3151946" ignored="0" name="Amazon Application Test Cases" tests="10" failures="2" timestamp="2021-05-13T17:31:51 IST" time="94.498" errors="0">
  <testcase name="openLoginScreenTest" time="1.298" classname="com.nagp.amazon.tests.AmazonLoginPageTest"/>
  <testcase name="conditionsOfUseTest" time="3.178" classname="com.nagp.amazon.tests.AmazonLoginPageTest"/>
  <testcase name="privacyNoticeTest" time="3.446" classname="com.nagp.amazon.tests.AmazonLoginPageTest"/>
  <testcase name="loginTest" time="3.017" classname="com.nagp.amazon.tests.AmazonLoginPageTest"/>
  <testcase name="failedLoginTest" time="4.99" classname="com.nagp.amazon.tests.AmazonLoginPageTest">
    <failure type="java.lang.AssertionError" message="expected [Your password is incorrect] but found [To better protect your account, please re-enter your password and then enter the characters as they are shown in the image below.]">
      <![CDATA[java.lang.AssertionError: expected [Your password is incorrect] but found [To better protect your account, please re-enter your password and then enter the characters as they are shown in the image below.]
at com.nagp.amazon.tests.AmazonLoginPageTest.failedLoginTest(AmazonLoginPageTest.java:87)
at java.util.ArrayList.forEach(ArrayList.java:1259)
... Removed 33 stack frames]]>
    </failure>
  </testcase> <!-- failedLoginTest -->
  <testcase name="amazonLogoOnHomePageTest" time="0.169" classname="com.nagp.amazon.tests.AmazonHomePageTest"/>
  <testcase name="clickAndValidateTodaysDealsPage" time="3.229" classname="com.nagp.amazon.tests.AmazonHomePageTest"/>
  <testcase name="enterAndValidateDeliveryAddressPincodeTest" time="1.483" classname="com.nagp.amazon.tests.AmazonHomePageTest">
    <failure type="java.lang.AssertionError" message="Pincode Value does not Match expected [122017] but found [Select your address]">
      <![CDATA[java.lang.AssertionError: Pincode Value does not Match expected [122017] but found [Select your address]
at com.nagp.amazon.tests.AmazonHomePageTest.enterAndValidateDeliveryAddressPincodeTest(AmazonHomePageTest.java:71)
at java.util.ArrayList.forEach(ArrayList.java:1259)
... Removed 32 stack frames]]>
    </failure>
  </testcase> <!-- enterAndValidateDeliveryAddressPincodeTest -->
  <testcase name="searchProductTest" time="2.363" classname="com.nagp.amazon.tests.AmazonHomePageTest"/>
  <testcase name="validateSortSearchResultsByPriceLowToHighTest" time="8.882" classname="com.nagp.amazon.tests.AmazonProductSearchResultsPageTest"/>
</testsuite> <!-- Amazon Application Test Cases -->
