<?xml version="1.0" encoding="UTF-8"?>
<testng-results skipped="0" failed="2" ignored="0" total="10" passed="8">
  <reporter-output>
  </reporter-output>
  <suite name="Amazon Application NAGP Selenium Project" duration-ms="94498" started-at="2021-05-13T17:30:17 IST" finished-at="2021-05-13T17:31:51 IST">
    <groups>
    </groups>
    <test name="Amazon Application Test Cases" duration-ms="94498" started-at="2021-05-13T17:30:17 IST" finished-at="2021-05-13T17:31:51 IST">
      <class name="com.nagp.amazon.tests.AmazonHomePageTest">
        <test-method status="PASS" signature="setExtent()[pri:0, instance:com.nagp.amazon.tests.AmazonHomePageTest@62bd765]" name="setExtent" is-config="true" duration-ms="9" started-at="2021-05-13T17:30:17 IST" finished-at="2021-05-13T17:30:17 IST">
          <reporter-output>
          </reporter-output>
        </test-method> <!-- setExtent -->
        <test-method status="PASS" signature="setup()[pri:0, instance:com.nagp.amazon.tests.AmazonHomePageTest@62bd765]" name="setup" is-config="true" duration-ms="4723" started-at="2021-05-13T17:31:03 IST" finished-at="2021-05-13T17:31:07 IST">
          <reporter-output>
          </reporter-output>
        </test-method> <!-- setup -->
        <test-method status="PASS" signature="amazonLogoOnHomePageTest()[pri:1, instance:com.nagp.amazon.tests.AmazonHomePageTest@62bd765]" name="amazonLogoOnHomePageTest" duration-ms="169" started-at="2021-05-13T17:31:07 IST" finished-at="2021-05-13T17:31:08 IST">
          <reporter-output>
          </reporter-output>
        </test-method> <!-- amazonLogoOnHomePageTest -->
        <test-method status="PASS" signature="tearDown(org.testng.ITestResult)[pri:0, instance:com.nagp.amazon.tests.AmazonHomePageTest@62bd765]" name="tearDown" is-config="true" duration-ms="792" started-at="2021-05-13T17:31:08 IST" finished-at="2021-05-13T17:31:08 IST">
          <params>
            <param index="0">
              <value>
                <![CDATA[[TestResult name=amazonLogoOnHomePageTest status=SUCCESS method=AmazonHomePageTest.amazonLogoOnHomePageTest()[pri:1, instance:com.nagp.amazon.tests.AmazonHomePageTest@62bd765] output={null}]]]>
              </value>
            </param>
          </params>
          <reporter-output>
          </reporter-output>
        </test-method> <!-- tearDown -->
        <test-method status="PASS" signature="setup()[pri:0, instance:com.nagp.amazon.tests.AmazonHomePageTest@62bd765]" name="setup" is-config="true" duration-ms="4990" started-at="2021-05-13T17:31:08 IST" finished-at="2021-05-13T17:31:13 IST">
          <reporter-output>
          </reporter-output>
        </test-method> <!-- setup -->
        <test-method status="PASS" signature="clickAndValidateTodaysDealsPage()[pri:2, instance:com.nagp.amazon.tests.AmazonHomePageTest@62bd765]" name="clickAndValidateTodaysDealsPage" duration-ms="3229" started-at="2021-05-13T17:31:13 IST" finished-at="2021-05-13T17:31:17 IST">
          <reporter-output>
          </reporter-output>
        </test-method> <!-- clickAndValidateTodaysDealsPage -->
        <test-method status="PASS" signature="tearDown(org.testng.ITestResult)[pri:0, instance:com.nagp.amazon.tests.AmazonHomePageTest@62bd765]" name="tearDown" is-config="true" duration-ms="1592" started-at="2021-05-13T17:31:17 IST" finished-at="2021-05-13T17:31:18 IST">
          <params>
            <param index="0">
              <value>
                <![CDATA[[TestResult name=clickAndValidateTodaysDealsPage status=SUCCESS method=AmazonHomePageTest.clickAndValidateTodaysDealsPage()[pri:2, instance:com.nagp.amazon.tests.AmazonHomePageTest@62bd765] output={null}]]]>
              </value>
            </param>
          </params>
          <reporter-output>
          </reporter-output>
        </test-method> <!-- tearDown -->
        <test-method status="PASS" signature="setup()[pri:0, instance:com.nagp.amazon.tests.AmazonHomePageTest@62bd765]" name="setup" is-config="true" duration-ms="4425" started-at="2021-05-13T17:31:18 IST" finished-at="2021-05-13T17:31:23 IST">
          <reporter-output>
          </reporter-output>
        </test-method> <!-- setup -->
        <test-method status="FAIL" signature="enterAndValidateDeliveryAddressPincodeTest()[pri:3, instance:com.nagp.amazon.tests.AmazonHomePageTest@62bd765]" name="enterAndValidateDeliveryAddressPincodeTest" duration-ms="1483" started-at="2021-05-13T17:31:23 IST" finished-at="2021-05-13T17:31:24 IST">
          <exception class="java.lang.AssertionError">
            <message>
              <![CDATA[Pincode Value does not Match expected [122017] but found [Select your address]]]>
            </message>
            <full-stacktrace>
              <![CDATA[java.lang.AssertionError: Pincode Value does not Match expected [122017] but found [Select your address]
at org.testng.Assert.fail(Assert.java:99)
at org.testng.Assert.failNotEquals(Assert.java:1037)
at org.testng.Assert.assertEqualsImpl(Assert.java:140)
at org.testng.Assert.assertEquals(Assert.java:122)
at org.testng.Assert.assertEquals(Assert.java:629)
at com.nagp.amazon.tests.AmazonHomePageTest.enterAndValidateDeliveryAddressPincodeTest(AmazonHomePageTest.java:71)
at sun.reflect.NativeMethodAccessorImpl.invoke0(Native Method)
at sun.reflect.NativeMethodAccessorImpl.invoke(NativeMethodAccessorImpl.java:62)
at sun.reflect.DelegatingMethodAccessorImpl.invoke(DelegatingMethodAccessorImpl.java:43)
at java.lang.reflect.Method.invoke(Method.java:498)
at org.testng.internal.MethodInvocationHelper.invokeMethod(MethodInvocationHelper.java:133)
at org.testng.internal.TestInvoker.invokeMethod(TestInvoker.java:598)
at org.testng.internal.TestInvoker.invokeTestMethod(TestInvoker.java:173)
at org.testng.internal.MethodRunner.runInSequence(MethodRunner.java:46)
at org.testng.internal.TestInvoker$MethodInvocationAgent.invoke(TestInvoker.java:824)
at org.testng.internal.TestInvoker.invokeTestMethods(TestInvoker.java:146)
at org.testng.internal.TestMethodWorker.invokeTestMethods(TestMethodWorker.java:146)
at org.testng.internal.TestMethodWorker.run(TestMethodWorker.java:128)
at java.util.ArrayList.forEach(ArrayList.java:1259)
at org.testng.TestRunner.privateRun(TestRunner.java:794)
at org.testng.TestRunner.run(TestRunner.java:596)
at org.testng.SuiteRunner.runTest(SuiteRunner.java:377)
at org.testng.SuiteRunner.runSequentially(SuiteRunner.java:371)
at org.testng.SuiteRunner.privateRun(SuiteRunner.java:332)
at org.testng.SuiteRunner.run(SuiteRunner.java:276)
at org.testng.SuiteRunnerWorker.runSuite(SuiteRunnerWorker.java:53)
at org.testng.SuiteRunnerWorker.run(SuiteRunnerWorker.java:96)
at org.testng.TestNG.runSuitesSequentially(TestNG.java:1212)
at org.testng.TestNG.runSuitesLocally(TestNG.java:1134)
at org.testng.TestNG.runSuites(TestNG.java:1063)
at org.testng.TestNG.run(TestNG.java:1031)
at org.testng.remote.AbstractRemoteTestNG.run(AbstractRemoteTestNG.java:115)
at org.testng.remote.RemoteTestNG.initAndRun(RemoteTestNG.java:251)
at org.testng.remote.RemoteTestNG.main(RemoteTestNG.java:77)
]]>
            </full-stacktrace>
          </exception> <!-- java.lang.AssertionError -->
          <reporter-output>
          </reporter-output>
        </test-method> <!-- enterAndValidateDeliveryAddressPincodeTest -->
        <test-method status="PASS" signature="tearDown(org.testng.ITestResult)[pri:0, instance:com.nagp.amazon.tests.AmazonHomePageTest@62bd765]" name="tearDown" is-config="true" duration-ms="1045" started-at="2021-05-13T17:31:27 IST" finished-at="2021-05-13T17:31:28 IST">
          <params>
            <param index="0">
              <value>
                <![CDATA[[TestResult name=enterAndValidateDeliveryAddressPincodeTest status=FAILURE method=AmazonHomePageTest.enterAndValidateDeliveryAddressPincodeTest()[pri:3, instance:com.nagp.amazon.tests.AmazonHomePageTest@62bd765] output={null}]]]>
              </value>
            </param>
          </params>
          <reporter-output>
          </reporter-output>
        </test-method> <!-- tearDown -->
        <test-method status="PASS" signature="setup()[pri:0, instance:com.nagp.amazon.tests.AmazonHomePageTest@62bd765]" name="setup" is-config="true" duration-ms="5034" started-at="2021-05-13T17:31:28 IST" finished-at="2021-05-13T17:31:33 IST">
          <reporter-output>
          </reporter-output>
        </test-method> <!-- setup -->
        <test-method status="PASS" signature="searchProductTest()[pri:4, instance:com.nagp.amazon.tests.AmazonHomePageTest@62bd765]" name="searchProductTest" duration-ms="2363" started-at="2021-05-13T17:31:33 IST" finished-at="2021-05-13T17:31:36 IST">
          <reporter-output>
          </reporter-output>
        </test-method> <!-- searchProductTest -->
        <test-method status="PASS" signature="tearDown(org.testng.ITestResult)[pri:0, instance:com.nagp.amazon.tests.AmazonHomePageTest@62bd765]" name="tearDown" is-config="true" duration-ms="1166" started-at="2021-05-13T17:31:36 IST" finished-at="2021-05-13T17:31:37 IST">
          <params>
            <param index="0">
              <value>
                <![CDATA[[TestResult name=searchProductTest status=SUCCESS method=AmazonHomePageTest.searchProductTest()[pri:4, instance:com.nagp.amazon.tests.AmazonHomePageTest@62bd765] output={null}]]]>
              </value>
            </param>
          </params>
          <reporter-output>
          </reporter-output>
        </test-method> <!-- tearDown -->
      </class> <!-- com.nagp.amazon.tests.AmazonHomePageTest -->
      <class name="com.nagp.amazon.tests.AmazonProductSearchResultsPageTest">
        <test-method status="PASS" signature="setup()[pri:0, instance:com.nagp.amazon.tests.AmazonProductSearchResultsPageTest@23a5fd2]" name="setup" is-config="true" duration-ms="4274" started-at="2021-05-13T17:31:37 IST" finished-at="2021-05-13T17:31:41 IST">
          <reporter-output>
          </reporter-output>
        </test-method> <!-- setup -->
        <test-method status="PASS" signature="validateSortSearchResultsByPriceLowToHighTest()[pri:0, instance:com.nagp.amazon.tests.AmazonProductSearchResultsPageTest@23a5fd2]" name="validateSortSearchResultsByPriceLowToHighTest" duration-ms="8882" started-at="2021-05-13T17:31:41 IST" finished-at="2021-05-13T17:31:50 IST">
          <reporter-output>
          </reporter-output>
        </test-method> <!-- validateSortSearchResultsByPriceLowToHighTest -->
        <test-method status="PASS" signature="tearDown(org.testng.ITestResult)[pri:0, instance:com.nagp.amazon.tests.AmazonProductSearchResultsPageTest@23a5fd2]" name="tearDown" is-config="true" duration-ms="1275" started-at="2021-05-13T17:31:50 IST" finished-at="2021-05-13T17:31:51 IST">
          <params>
            <param index="0">
              <value>
                <![CDATA[[TestResult name=validateSortSearchResultsByPriceLowToHighTest status=SUCCESS method=AmazonProductSearchResultsPageTest.validateSortSearchResultsByPriceLowToHighTest()[pri:0, instance:com.nagp.amazon.tests.AmazonProductSearchResultsPageTest@23a5fd2] output={null}]]]>
              </value>
            </param>
          </params>
          <reporter-output>
          </reporter-output>
        </test-method> <!-- tearDown -->
      </class> <!-- com.nagp.amazon.tests.AmazonProductSearchResultsPageTest -->
      <class name="com.nagp.amazon.tests.AmazonLoginPageTest">
        <test-method status="PASS" signature="setExtent()[pri:0, instance:com.nagp.amazon.tests.AmazonLoginPageTest@473b46c3]" name="setExtent" is-config="true" duration-ms="1" started-at="2021-05-13T17:30:17 IST" finished-at="2021-05-13T17:30:17 IST">
          <reporter-output>
          </reporter-output>
        </test-method> <!-- setExtent -->
        <test-method status="PASS" signature="setup()[pri:0, instance:com.nagp.amazon.tests.AmazonLoginPageTest@473b46c3]" name="setup" is-config="true" duration-ms="5910" started-at="2021-05-13T17:30:17 IST" finished-at="2021-05-13T17:30:23 IST">
          <reporter-output>
          </reporter-output>
        </test-method> <!-- setup -->
        <test-method status="PASS" signature="openLoginScreenTest()[pri:1, instance:com.nagp.amazon.tests.AmazonLoginPageTest@473b46c3]" name="openLoginScreenTest" duration-ms="1298" started-at="2021-05-13T17:30:23 IST" finished-at="2021-05-13T17:30:24 IST">
          <reporter-output>
          </reporter-output>
        </test-method> <!-- openLoginScreenTest -->
        <test-method status="PASS" signature="tearDown(org.testng.ITestResult)[pri:0, instance:com.nagp.amazon.tests.AmazonLoginPageTest@473b46c3]" name="tearDown" is-config="true" duration-ms="996" started-at="2021-05-13T17:30:24 IST" finished-at="2021-05-13T17:30:25 IST">
          <params>
            <param index="0">
              <value>
                <![CDATA[[TestResult name=openLoginScreenTest status=SUCCESS method=AmazonLoginPageTest.openLoginScreenTest()[pri:1, instance:com.nagp.amazon.tests.AmazonLoginPageTest@473b46c3] output={null}]]]>
              </value>
            </param>
          </params>
          <reporter-output>
          </reporter-output>
        </test-method> <!-- tearDown -->
        <test-method status="PASS" signature="setup()[pri:0, instance:com.nagp.amazon.tests.AmazonLoginPageTest@473b46c3]" name="setup" is-config="true" duration-ms="4830" started-at="2021-05-13T17:30:25 IST" finished-at="2021-05-13T17:30:30 IST">
          <reporter-output>
          </reporter-output>
        </test-method> <!-- setup -->
        <test-method status="PASS" signature="conditionsOfUseTest()[pri:2, instance:com.nagp.amazon.tests.AmazonLoginPageTest@473b46c3]" name="conditionsOfUseTest" duration-ms="3178" started-at="2021-05-13T17:30:30 IST" finished-at="2021-05-13T17:30:33 IST">
          <reporter-output>
          </reporter-output>
        </test-method> <!-- conditionsOfUseTest -->
        <test-method status="PASS" signature="tearDown(org.testng.ITestResult)[pri:0, instance:com.nagp.amazon.tests.AmazonLoginPageTest@473b46c3]" name="tearDown" is-config="true" duration-ms="928" started-at="2021-05-13T17:30:33 IST" finished-at="2021-05-13T17:30:34 IST">
          <params>
            <param index="0">
              <value>
                <![CDATA[[TestResult name=conditionsOfUseTest status=SUCCESS method=AmazonLoginPageTest.conditionsOfUseTest()[pri:2, instance:com.nagp.amazon.tests.AmazonLoginPageTest@473b46c3] output={null}]]]>
              </value>
            </param>
          </params>
          <reporter-output>
          </reporter-output>
        </test-method> <!-- tearDown -->
        <test-method status="PASS" signature="setup()[pri:0, instance:com.nagp.amazon.tests.AmazonLoginPageTest@473b46c3]" name="setup" is-config="true" duration-ms="4509" started-at="2021-05-13T17:30:34 IST" finished-at="2021-05-13T17:30:39 IST">
          <reporter-output>
          </reporter-output>
        </test-method> <!-- setup -->
        <test-method status="PASS" signature="privacyNoticeTest()[pri:3, instance:com.nagp.amazon.tests.AmazonLoginPageTest@473b46c3]" name="privacyNoticeTest" duration-ms="3446" started-at="2021-05-13T17:30:39 IST" finished-at="2021-05-13T17:30:42 IST">
          <reporter-output>
          </reporter-output>
        </test-method> <!-- privacyNoticeTest -->
        <test-method status="PASS" signature="tearDown(org.testng.ITestResult)[pri:0, instance:com.nagp.amazon.tests.AmazonLoginPageTest@473b46c3]" name="tearDown" is-config="true" duration-ms="992" started-at="2021-05-13T17:30:42 IST" finished-at="2021-05-13T17:30:43 IST">
          <params>
            <param index="0">
              <value>
                <![CDATA[[TestResult name=privacyNoticeTest status=SUCCESS method=AmazonLoginPageTest.privacyNoticeTest()[pri:3, instance:com.nagp.amazon.tests.AmazonLoginPageTest@473b46c3] output={null}]]]>
              </value>
            </param>
          </params>
          <reporter-output>
          </reporter-output>
        </test-method> <!-- tearDown -->
        <test-method status="PASS" signature="setup()[pri:0, instance:com.nagp.amazon.tests.AmazonLoginPageTest@473b46c3]" name="setup" is-config="true" duration-ms="4742" started-at="2021-05-13T17:30:43 IST" finished-at="2021-05-13T17:30:48 IST">
          <reporter-output>
          </reporter-output>
        </test-method> <!-- setup -->
        <test-method status="PASS" signature="loginTest()[pri:4, instance:com.nagp.amazon.tests.AmazonLoginPageTest@473b46c3]" name="loginTest" duration-ms="3017" started-at="2021-05-13T17:30:48 IST" finished-at="2021-05-13T17:30:51 IST">
          <reporter-output>
          </reporter-output>
        </test-method> <!-- loginTest -->
        <test-method status="PASS" signature="tearDown(org.testng.ITestResult)[pri:0, instance:com.nagp.amazon.tests.AmazonLoginPageTest@473b46c3]" name="tearDown" is-config="true" duration-ms="962" started-at="2021-05-13T17:30:51 IST" finished-at="2021-05-13T17:30:52 IST">
          <params>
            <param index="0">
              <value>
                <![CDATA[[TestResult name=loginTest status=SUCCESS method=AmazonLoginPageTest.loginTest()[pri:4, instance:com.nagp.amazon.tests.AmazonLoginPageTest@473b46c3] output={null}]]]>
              </value>
            </param>
          </params>
          <reporter-output>
          </reporter-output>
        </test-method> <!-- tearDown -->
        <test-method status="PASS" signature="setup()[pri:0, instance:com.nagp.amazon.tests.AmazonLoginPageTest@473b46c3]" name="setup" is-config="true" duration-ms="4556" started-at="2021-05-13T17:30:52 IST" finished-at="2021-05-13T17:30:56 IST">
          <reporter-output>
          </reporter-output>
        </test-method> <!-- setup -->
        <test-method status="FAIL" signature="failedLoginTest()[pri:5, instance:com.nagp.amazon.tests.AmazonLoginPageTest@473b46c3]" name="failedLoginTest" duration-ms="4990" started-at="2021-05-13T17:30:56 IST" finished-at="2021-05-13T17:31:01 IST">
          <exception class="java.lang.AssertionError">
            <message>
              <![CDATA[expected [Your password is incorrect] but found [To better protect your account, please re-enter your password and then enter the characters as they are shown in the image below.]]]>
            </message>
            <full-stacktrace>
              <![CDATA[java.lang.AssertionError: expected [Your password is incorrect] but found [To better protect your account, please re-enter your password and then enter the characters as they are shown in the image below.]
at org.testng.Assert.fail(Assert.java:99)
at org.testng.Assert.failNotEquals(Assert.java:1037)
at org.testng.Assert.assertEqualsImpl(Assert.java:140)
at org.testng.Assert.assertEquals(Assert.java:122)
at org.testng.Assert.assertEquals(Assert.java:629)
at org.testng.Assert.assertEquals(Assert.java:639)
at com.nagp.amazon.tests.AmazonLoginPageTest.failedLoginTest(AmazonLoginPageTest.java:87)
at sun.reflect.NativeMethodAccessorImpl.invoke0(Native Method)
at sun.reflect.NativeMethodAccessorImpl.invoke(NativeMethodAccessorImpl.java:62)
at sun.reflect.DelegatingMethodAccessorImpl.invoke(DelegatingMethodAccessorImpl.java:43)
at java.lang.reflect.Method.invoke(Method.java:498)
at org.testng.internal.MethodInvocationHelper.invokeMethod(MethodInvocationHelper.java:133)
at org.testng.internal.TestInvoker.invokeMethod(TestInvoker.java:598)
at org.testng.internal.TestInvoker.invokeTestMethod(TestInvoker.java:173)
at org.testng.internal.MethodRunner.runInSequence(MethodRunner.java:46)
at org.testng.internal.TestInvoker$MethodInvocationAgent.invoke(TestInvoker.java:824)
at org.testng.internal.TestInvoker.invokeTestMethods(TestInvoker.java:146)
at org.testng.internal.TestMethodWorker.invokeTestMethods(TestMethodWorker.java:146)
at org.testng.internal.TestMethodWorker.run(TestMethodWorker.java:128)
at java.util.ArrayList.forEach(ArrayList.java:1259)
at org.testng.TestRunner.privateRun(TestRunner.java:794)
at org.testng.TestRunner.run(TestRunner.java:596)
at org.testng.SuiteRunner.runTest(SuiteRunner.java:377)
at org.testng.SuiteRunner.runSequentially(SuiteRunner.java:371)
at org.testng.SuiteRunner.privateRun(SuiteRunner.java:332)
at org.testng.SuiteRunner.run(SuiteRunner.java:276)
at org.testng.SuiteRunnerWorker.runSuite(SuiteRunnerWorker.java:53)
at org.testng.SuiteRunnerWorker.run(SuiteRunnerWorker.java:96)
at org.testng.TestNG.runSuitesSequentially(TestNG.java:1212)
at org.testng.TestNG.runSuitesLocally(TestNG.java:1134)
at org.testng.TestNG.runSuites(TestNG.java:1063)
at org.testng.TestNG.run(TestNG.java:1031)
at org.testng.remote.AbstractRemoteTestNG.run(AbstractRemoteTestNG.java:115)
at org.testng.remote.RemoteTestNG.initAndRun(RemoteTestNG.java:251)
at org.testng.remote.RemoteTestNG.main(RemoteTestNG.java:77)
]]>
            </full-stacktrace>
          </exception> <!-- java.lang.AssertionError -->
          <reporter-output>
          </reporter-output>
        </test-method> <!-- failedLoginTest -->
        <test-method status="PASS" signature="tearDown(org.testng.ITestResult)[pri:0, instance:com.nagp.amazon.tests.AmazonLoginPageTest@473b46c3]" name="tearDown" is-config="true" duration-ms="1225" started-at="2021-05-13T17:31:02 IST" finished-at="2021-05-13T17:31:03 IST">
          <params>
            <param index="0">
              <value>
                <![CDATA[[TestResult name=failedLoginTest status=FAILURE method=AmazonLoginPageTest.failedLoginTest()[pri:5, instance:com.nagp.amazon.tests.AmazonLoginPageTest@473b46c3] output={null}]]]>
              </value>
            </param>
          </params>
          <reporter-output>
          </reporter-output>
        </test-method> <!-- tearDown -->
      </class> <!-- com.nagp.amazon.tests.AmazonLoginPageTest -->
    </test> <!-- Amazon Application Test Cases -->
  </suite> <!-- Amazon Application NAGP Selenium Project -->
</testng-results>
