<?xml version="1.0" encoding="UTF-8"?>
<!-- Generated by org.testng.reporters.JUnitReportReporter -->
<testsuite skipped="0" hostname="Anil3151946" name="com.nagp.amazon.tests.AmazonHomePageTest" tests="4" failures="1" timestamp="2021-05-13T17:31:52 IST" time="31.011" errors="0">
  <testcase name="amazonLogoOnHomePageTest" time="5.951" classname="com.nagp.amazon.tests.AmazonHomePageTest"/>
  <system-out/>
  <testcase name="clickAndValidateTodaysDealsPage" time="8.820" classname="com.nagp.amazon.tests.AmazonHomePageTest"/>
  <system-out/>
  <testcase name="enterAndValidateDeliveryAddressPincodeTest" time="7.251" classname="com.nagp.amazon.tests.AmazonHomePageTest">
    <failure type="java.lang.AssertionError" message="Pincode Value does not Match expected [122017] but found [Select your address]">
      <![CDATA[java.lang.AssertionError: Pincode Value does not Match expected [122017] but found [Select your address]
at org.testng.Assert.fail(Assert.java:99)
at org.testng.Assert.failNotEquals(Assert.java:1037)
at org.testng.Assert.assertEqualsImpl(Assert.java:140)
at org.testng.Assert.assertEquals(Assert.java:122)
at org.testng.Assert.assertEquals(Assert.java:629)
at com.nagp.amazon.tests.AmazonHomePageTest.enterAndValidateDeliveryAddressPincodeTest(AmazonHomePageTest.java:71)
at sun.reflect.NativeMethodAccessorImpl.invoke0(Native Method)
at sun.reflect.NativeMethodAccessorImpl.invoke(NativeMethodAccessorImpl.java:62)
at sun.reflect.DelegatingMethodAccessorImpl.invoke(DelegatingMethodAccessorImpl.java:43)
at java.lang.reflect.Method.invoke(Method.java:498)
at org.testng.internal.MethodInvocationHelper.invokeMethod(MethodInvocationHelper.java:133)
at org.testng.internal.TestInvoker.invokeMethod(TestInvoker.java:598)
at org.testng.internal.TestInvoker.invokeTestMethod(TestInvoker.java:173)
at org.testng.internal.MethodRunner.runInSequence(MethodRunner.java:46)
at org.testng.internal.TestInvoker$MethodInvocationAgent.invoke(TestInvoker.java:824)
at org.testng.internal.TestInvoker.invokeTestMethods(TestInvoker.java:146)
at org.testng.internal.TestMethodWorker.invokeTestMethods(TestMethodWorker.java:146)
at org.testng.internal.TestMethodWorker.run(TestMethodWorker.java:128)
at java.util.ArrayList.forEach(ArrayList.java:1259)
at org.testng.TestRunner.privateRun(TestRunner.java:794)
at org.testng.TestRunner.run(TestRunner.java:596)
at org.testng.SuiteRunner.runTest(SuiteRunner.java:377)
at org.testng.SuiteRunner.runSequentially(SuiteRunner.java:371)
at org.testng.SuiteRunner.privateRun(SuiteRunner.java:332)
at org.testng.SuiteRunner.run(SuiteRunner.java:276)
at org.testng.SuiteRunnerWorker.runSuite(SuiteRunnerWorker.java:53)
at org.testng.SuiteRunnerWorker.run(SuiteRunnerWorker.java:96)
at org.testng.TestNG.runSuitesSequentially(TestNG.java:1212)
at org.testng.TestNG.runSuitesLocally(TestNG.java:1134)
at org.testng.TestNG.runSuites(TestNG.java:1063)
at org.testng.TestNG.run(TestNG.java:1031)
at org.testng.remote.AbstractRemoteTestNG.run(AbstractRemoteTestNG.java:115)
at org.testng.remote.RemoteTestNG.initAndRun(RemoteTestNG.java:251)
at org.testng.remote.RemoteTestNG.main(RemoteTestNG.java:77)
]]>
    </failure>
  </testcase> <!-- enterAndValidateDeliveryAddressPincodeTest -->
  <system-out/>
  <testcase name="searchProductTest" time="8.989" classname="com.nagp.amazon.tests.AmazonHomePageTest"/>
  <system-out/>
</testsuite> <!-- com.nagp.amazon.tests.AmazonHomePageTest -->
