<?xml version="1.0" encoding="UTF-8"?>
<!-- Generated by org.testng.reporters.JUnitXMLReporter -->
<testsuite hostname="Anil3151946" ignored="0" name="Amazon Application Test Cases" tests="10" failures="0" timestamp="2021-05-13T15:18:57 IST" time="0.235" errors="0">
  <testcase name="@BeforeMethod setup" time="0.001" classname="com.nagp.amazon.tests.AmazonLoginPageTest">
    <failure type="java.lang.NullPointerException">
      <![CDATA[java.lang.NullPointerException
at com.nagp.amazon.base.TestBase.initialization(TestBase.java:43)
at com.nagp.amazon.tests.AmazonLoginPageTest.setup(AmazonLoginPageTest.java:40)
at java.util.ArrayList.forEach(ArrayList.java:1259)
... Removed 35 stack frames]]>
    </failure>
  </testcase> <!-- @BeforeMethod setup -->
  <testcase name="@AfterMethod tearDown" time="-1.620899337747E9" classname="com.nagp.amazon.tests.AmazonLoginPageTest">
    <skipped/>
  </testcase> <!-- @AfterMethod tearDown -->
  <testcase name="@BeforeMethod setup" time="-1.620899337751E9" classname="com.nagp.amazon.tests.AmazonLoginPageTest">
    <skipped/>
  </testcase> <!-- @BeforeMethod setup -->
  <testcase name="@AfterMethod tearDown" time="-1.620899337754E9" classname="com.nagp.amazon.tests.AmazonLoginPageTest">
    <skipped/>
  </testcase> <!-- @AfterMethod tearDown -->
  <testcase name="@BeforeMethod setup" time="-1.620899337755E9" classname="com.nagp.amazon.tests.AmazonLoginPageTest">
    <skipped/>
  </testcase> <!-- @BeforeMethod setup -->
  <testcase name="@AfterMethod tearDown" time="-1.620899337756E9" classname="com.nagp.amazon.tests.AmazonLoginPageTest">
    <skipped/>
  </testcase> <!-- @AfterMethod tearDown -->
  <testcase name="@BeforeMethod setup" time="-1.620899337758E9" classname="com.nagp.amazon.tests.AmazonLoginPageTest">
    <skipped/>
  </testcase> <!-- @BeforeMethod setup -->
  <testcase name="@AfterMethod tearDown" time="-1.620899337761E9" classname="com.nagp.amazon.tests.AmazonLoginPageTest">
    <skipped/>
  </testcase> <!-- @AfterMethod tearDown -->
  <testcase name="@BeforeMethod setup" time="-1.620899337763E9" classname="com.nagp.amazon.tests.AmazonLoginPageTest">
    <skipped/>
  </testcase> <!-- @BeforeMethod setup -->
  <testcase name="@AfterMethod tearDown" time="-1.620899337764E9" classname="com.nagp.amazon.tests.AmazonLoginPageTest">
    <skipped/>
  </testcase> <!-- @AfterMethod tearDown -->
  <testcase name="@BeforeMethod setup" time="0.0" classname="com.nagp.amazon.tests.AmazonHomePageTest">
    <failure type="java.lang.NullPointerException">
      <![CDATA[java.lang.NullPointerException
at com.nagp.amazon.base.TestBase.initialization(TestBase.java:43)
at com.nagp.amazon.tests.AmazonHomePageTest.setup(AmazonHomePageTest.java:40)
at java.util.ArrayList.forEach(ArrayList.java:1259)
... Removed 35 stack frames]]>
    </failure>
  </testcase> <!-- @BeforeMethod setup -->
  <testcase name="@AfterMethod tearDown" time="-1.620899337767E9" classname="com.nagp.amazon.tests.AmazonHomePageTest">
    <skipped/>
  </testcase> <!-- @AfterMethod tearDown -->
  <testcase name="@BeforeMethod setup" time="-1.620899337768E9" classname="com.nagp.amazon.tests.AmazonHomePageTest">
    <skipped/>
  </testcase> <!-- @BeforeMethod setup -->
  <testcase name="@AfterMethod tearDown" time="-1.620899337769E9" classname="com.nagp.amazon.tests.AmazonHomePageTest">
    <skipped/>
  </testcase> <!-- @AfterMethod tearDown -->
  <testcase name="@BeforeMethod setup" time="-1.62089933777E9" classname="com.nagp.amazon.tests.AmazonHomePageTest">
    <skipped/>
  </testcase> <!-- @BeforeMethod setup -->
  <testcase name="@AfterMethod tearDown" time="-1.62089933777E9" classname="com.nagp.amazon.tests.AmazonHomePageTest">
    <skipped/>
  </testcase> <!-- @AfterMethod tearDown -->
  <testcase name="@BeforeMethod setup" time="-1.620899337771E9" classname="com.nagp.amazon.tests.AmazonHomePageTest">
    <skipped/>
  </testcase> <!-- @BeforeMethod setup -->
  <testcase name="@AfterMethod tearDown" time="-1.620899337771E9" classname="com.nagp.amazon.tests.AmazonHomePageTest">
    <skipped/>
  </testcase> <!-- @AfterMethod tearDown -->
  <testcase name="@BeforeMethod setup" time="0.0" classname="com.nagp.amazon.tests.AmazonProductSearchResultsPageTest">
    <failure type="java.lang.NullPointerException">
      <![CDATA[java.lang.NullPointerException
at com.nagp.amazon.base.TestBase.initialization(TestBase.java:43)
at com.nagp.amazon.tests.AmazonProductSearchResultsPageTest.setup(AmazonProductSearchResultsPageTest.java:42)
at java.util.ArrayList.forEach(ArrayList.java:1259)
... Removed 35 stack frames]]>
    </failure>
  </testcase> <!-- @BeforeMethod setup -->
  <testcase name="@AfterMethod tearDown" time="-1.620899337773E9" classname="com.nagp.amazon.tests.AmazonProductSearchResultsPageTest">
    <skipped/>
  </testcase> <!-- @AfterMethod tearDown -->
  <testcase name="@AfterTest endReport" time="-1.620899337773E9" classname="com.nagp.amazon.tests.AmazonHomePageTest">
    <skipped/>
  </testcase> <!-- @AfterTest endReport -->
  <testcase name="@AfterTest endReport" time="-1.620899337774E9" classname="com.nagp.amazon.tests.AmazonLoginPageTest">
    <skipped/>
  </testcase> <!-- @AfterTest endReport -->
  <testcase name="@AfterTest endReport" time="-1.620899337774E9" classname="com.nagp.amazon.tests.AmazonProductSearchResultsPageTest">
    <skipped/>
  </testcase> <!-- @AfterTest endReport -->
  <testcase name="openLoginScreenTest" time="0.0" classname="com.nagp.amazon.tests.AmazonLoginPageTest">
    <skipped/>
  </testcase> <!-- openLoginScreenTest -->
  <testcase name="conditionsOfUseTest" time="0.0" classname="com.nagp.amazon.tests.AmazonLoginPageTest">
    <skipped/>
  </testcase> <!-- conditionsOfUseTest -->
  <testcase name="privacyNoticeTest" time="0.0" classname="com.nagp.amazon.tests.AmazonLoginPageTest">
    <skipped/>
  </testcase> <!-- privacyNoticeTest -->
  <testcase name="loginTest" time="0.0" classname="com.nagp.amazon.tests.AmazonLoginPageTest">
    <skipped/>
  </testcase> <!-- loginTest -->
  <testcase name="failedLoginTest" time="0.0" classname="com.nagp.amazon.tests.AmazonLoginPageTest">
    <skipped/>
  </testcase> <!-- failedLoginTest -->
  <testcase name="amazonLogoOnHomePageTest" time="0.0" classname="com.nagp.amazon.tests.AmazonHomePageTest">
    <skipped/>
  </testcase> <!-- amazonLogoOnHomePageTest -->
  <testcase name="clickAndValidateTodaysDealsPage" time="0.0" classname="com.nagp.amazon.tests.AmazonHomePageTest">
    <skipped/>
  </testcase> <!-- clickAndValidateTodaysDealsPage -->
  <testcase name="enterAndValidateDeliveryAddressPincodeTest" time="0.0" classname="com.nagp.amazon.tests.AmazonHomePageTest">
    <skipped/>
  </testcase> <!-- enterAndValidateDeliveryAddressPincodeTest -->
  <testcase name="searchProductTest" time="0.0" classname="com.nagp.amazon.tests.AmazonHomePageTest">
    <skipped/>
  </testcase> <!-- searchProductTest -->
  <testcase name="validateSortSearchResultsByPriceLowToHighTest" time="0.0" classname="com.nagp.amazon.tests.AmazonProductSearchResultsPageTest">
    <skipped/>
  </testcase> <!-- validateSortSearchResultsByPriceLowToHighTest -->
</testsuite> <!-- Amazon Application Test Cases -->
